** Log Started 2013-07-22 17:00:08 **
SHOW TABLES LIKE 'baskets'
Array
(
)

EXPLAIN `baskets`
Array
(
)

SHOW TABLES LIKE 'basketitems'
Array
(
)

EXPLAIN `basketitems`
Array
(
)

SELECT *
                FROM users
                WHERE id = :id
Array
(
    [id] => 1
)

SELECT `table`.*
                FROM `uri` `table`
                WHERE (LCASE(controller) = :controller OR controller = "") AND (method LIKE :method OR method = "")
                
                
Array
(
    [controller] => \cannydain\shortycoremodules\usermodule\controllers\usercontroller
    [method] => Logout
)

SELECT `table`.*
                FROM `uri` `table`
                WHERE :uri LIKE CONCAT(uri, "%")
                ORDER BY LENGTH(uri) DESC
                
Array
(
    [uri] => CannyDain-ShortyCoreModules-ProjectManagement-Controllers-ProjectManagementController/CreateStory/1
)

SELECT *
                FROM users
                WHERE id = :id
Array
(
    [id] => 1
)

SELECT *
                FROM projects
                WHERE id = :id
Array
(
    [id] => 1
)

SELECT `table`.*
                FROM `uri` `table`
                WHERE (LCASE(controller) = :controller OR controller = "") AND (method LIKE :method OR method = "")
                
                
Array
(
    [controller] => \cannydain\shortycoremodules\projectmanagement\controllers\projectmanagementcontroller
    [method] => EditStory
)

SHOW TABLES LIKE 'comments'
Array
(
)

EXPLAIN `comments`
Array
(
)

SELECT *
                FROM `comments`
                WHERE `object` = :object ORDER BY `posted` ASC
Array
(
    [object] => \CannyDain\ShortyCoreModules\ProjectManagement\Models\UserStory-null
)

SELECT `table`.*
                FROM `uri` `table`
                WHERE (LCASE(controller) = :controller OR controller = "") AND (method LIKE :method OR method = "")
                
                
Array
(
    [controller] => \cannydain\shorty\comments\controllers\shortycommentscontroller
    [method] => AddComment
)

SHOW TABLES LIKE 'timeentry'
Array
(
)

EXPLAIN `timeentry`
Array
(
)

SELECT `table`.*
                FROM `timeentry` `table`
                WHERE object = :guid
                ORDER BY `start` DESC
                
Array
(
    [guid] => \CannyDain\ShortyCoreModules\ProjectManagement\Models\UserStory-null
)

SELECT `table`.*
                FROM `uri` `table`
                WHERE (LCASE(controller) = :controller OR controller = "") AND (method LIKE :method OR method = "")
                
                
Array
(
    [controller] => \cannydain\shorty\timetracking\controllers\timetrackingcontroller
    [method] => TrackTime
)

SELECT `table`.*
                FROM `uri` `table`
                WHERE (LCASE(controller) = :controller OR controller = "") AND (method LIKE :method OR method = "")
                
                
Array
(
    [controller] => \cannydain\shortycoremodules\projectmanagement\controllers\projectmanagementcontroller
    [method] => CreateStory
)

SELECT `table`.*
                FROM `uri` `table`
                WHERE (LCASE(controller) = :controller OR controller = "") AND (method LIKE :method OR method = "")
                
                
Array
(
    [controller] => \cannydain\shortycoremodules\projectmanagement\controllers\projectmanagementcontroller
    [method] => 
)

SELECT `table`.*
                FROM `uri` `table`
                WHERE (LCASE(controller) = :controller OR controller = "") AND (method LIKE :method OR method = "")
                
                
Array
(
    [controller] => \cannydain\shortycoremodules\projectmanagement\controllers\projectmanagementcontroller
    [method] => ViewStories
)

SELECT *
                FROM `navigation`
                WHERE `parent` = :parent ORDER BY orderIndex ASC
Array
(
    [parent] => 0
)

SELECT *
                FROM `navigation`
                WHERE `parent` = :parent ORDER BY orderIndex ASC
Array
(
    [parent] => 1
)

SELECT *
                FROM `navigation`
                WHERE `parent` = :parent ORDER BY orderIndex ASC
Array
(
    [parent] => 2
)

SELECT *
                FROM `navigation`
                WHERE `parent` = :parent ORDER BY orderIndex ASC
Array
(
    [parent] => 3
)

SELECT *
                FROM `navigation`
                WHERE `parent` = :parent ORDER BY orderIndex ASC
Array
(
    [parent] => 4
)

SELECT *
                FROM `navigation`
                WHERE `parent` = :parent ORDER BY orderIndex ASC
Array
(
    [parent] => 5
)

SELECT *
                FROM `navigation`
                WHERE `parent` = :parent ORDER BY orderIndex ASC
Array
(
    [parent] => 6
)

SELECT *
                FROM `navigation`
                WHERE `parent` = :parent ORDER BY orderIndex ASC
Array
(
    [parent] => 7
)

SELECT *
                FROM `navigation`
                WHERE `parent` = :parent ORDER BY orderIndex ASC
Array
(
    [parent] => 8
)

SELECT *
                FROM `navigation`
                WHERE `parent` = :parent ORDER BY orderIndex ASC
Array
(
    [parent] => 9
)

SELECT *
                FROM `navigation`
                WHERE `parent` = :parent ORDER BY orderIndex ASC
Array
(
    [parent] => 10
)

SELECT *
                FROM `navigation`
                WHERE `parent` = :parent ORDER BY orderIndex ASC
Array
(
    [parent] => 14
)

SELECT *
                FROM `navigation`
                WHERE `parent` = :parent ORDER BY orderIndex ASC
Array
(
    [parent] => 11
)

SELECT *
                FROM `navigation`
                WHERE `parent` = :parent ORDER BY orderIndex ASC
Array
(
    [parent] => 12
)

SELECT *
                FROM `navigation`
                WHERE `parent` = :parent ORDER BY orderIndex ASC
Array
(
    [parent] => 13
)

SELECT `table`.*
                FROM `timeentry` `table`
                WHERE user = :user AND end >= :start AND end <= :end
                
                
Array
(
    [user] => 1
    [start] => 2013-07-01 00:00:00
    [end] => 2013-07-22 17:00:08
)

SELECT `table`.*
                FROM `timeentry` `table`
                WHERE user = :user
                ORDER BY end DESC
                LIMIT 1
Array
(
    [user] => 1
)

